2022-05-20 21:02:39.845 - Create display
> Start Eclipse IDE UI [org.eclipse.ui.ide 3.18.400.v20211026-0701]
2022-05-20 21:02:40.030 - DBeaver 22.0.1.202203181646 is starting
2022-05-20 21:02:40.032 - OS: Windows 10 10.0 (amd64)
2022-05-20 21:02:40.034 - Java version: 11.0.12 by Eclipse Foundation (64bit)
2022-05-20 21:02:40.036 - Install path: 'D:\Web_1900_ljh\dbms\oracle\resource\dbeaver-ce-22.0.1-win32.win32.x86_64\dbeaver'
2022-05-20 21:02:40.036 - Instance path: 'file:/D:/Web_1900_ljh/dbms/mysql/workspace/'
2022-05-20 21:02:40.037 - Memory available 77Mb/1024Mb
> Start DBeaver UI Editors - Base [org.jkiss.dbeaver.ui.editors.base 1.0.78.202203181646]
2022-05-20 21:02:40.055 - Starting RMI server at 23740
2022-05-20 21:02:40.124 - Run workbench
> Start Eclipse e4 작업영역 SWT [org.eclipse.e4.ui.workbench.swt 0.16.300.v20211102-0939]
> Start Eclipse 응용 프로그램 서비스 [org.eclipse.e4.core.services 2.3.100.v20210910-0640]
> Start Eclipse 사용자 인터페이스 응용 프로그램 서비스 [org.eclipse.e4.ui.services 1.5.0.v20210115-1333]
> Start EMF XML/XMI 퍼시스턴스 [org.eclipse.emf.ecore.xmi 2.16.0.v20190528-0725]
> Start Eclipse CSS SWT 테마 지원 [org.eclipse.e4.ui.css.swt.theme 0.13.0.v20201026-1147]
> Start Eclipse e4 작업영역 기능 추가 [org.eclipse.e4.ui.workbench.addons.swt 1.4.400.v20211102-0453]
> Start Eclipse e4 작업영역 SWT 렌더러 [org.eclipse.e4.ui.workbench.renderers.swt 0.15.300.v20211102-1716]
> Start Eclipse 바인딩 지원 [org.eclipse.e4.ui.bindings 0.13.100.v20210722-1426]
> Start Eclipse 의존성 삽입 확장 [org.eclipse.e4.core.di.extensions 0.17.100.v20210910-0640]
> Start Eclipse CSS SWT 지원 [org.eclipse.e4.ui.css.swt 0.14.400.v20211026-1534]
> Start DBeaver UI [org.jkiss.dbeaver.ui 5.1.93.202203181646]
> Start Java Native Access [com.sun.jna 5.8.0.v20210503-0343]
2022-05-20 21:02:43.024 - Configure workbench window
> Start 도움말 시스템 코어 [org.eclipse.help 3.9.100.v20210721-0601]
2022-05-20 21:02:43.324 - Create actions
2022-05-20 21:02:43.348 - Disable Eclipse action set 'org.eclipse.ui.edit.text.actionSet.annotationNavigation'
2022-05-20 21:02:43.351 - Disable Eclipse action set 'org.eclipse.ui.WorkingSetActionSet'
2022-05-20 21:02:43.352 - Disable Eclipse action set 'org.eclipse.ui.actionSet.openFiles'
2022-05-20 21:02:46.279 - Initialize workbench window
2022-05-20 21:02:46.311 - Finish initialization
> Start DBeaver UI Editors - Data [org.jkiss.dbeaver.ui.editors.data 1.0.78.202203181646]
> Start Equinox Java 인증 및 권한 부여 서비스 (JAAS) [org.eclipse.equinox.security 1.3.800.v20211021-1418]
> Start 인터넷 연결 관리 사용자 인터페이스 [org.eclipse.ui.net 1.4.0.v20210426-0838]
> Start 인터넷 연결 관리 [org.eclipse.core.net 1.3.1100.v20210424-0724]
> Start DBeaver SQL Model [org.jkiss.dbeaver.model.sql 1.0.68.202203181646]
2022-05-20 21:02:49.085 - Total database drivers: 99 (99)
> Start Draw2d [org.eclipse.draw2dl 3.12.100.20220207122412]
> Start GEF3 GEF (MVC) [org.eclipse.gef3 3.12.100.20220207122412]
> Start DBeaver ERD UI [org.jkiss.dbeaver.erd.ui 3.0.38.202203181646]
> Start DBeaver ERD Model [org.jkiss.dbeaver.erd.model 1.0.38.202203181646]
Warning: NLS unused message: actions_navigator__objects in: org.jkiss.dbeaver.ui.editors.sql.internal.SQLEditorMessages
> Start DBeaver UI Editors - SQL [org.jkiss.dbeaver.ui.editors.sql 1.0.78.202203181646]
> Start 기본 문서 편집기 [org.eclipse.ui.editors 3.14.300.v20210913-0815]
> Start 텍스트 편집기 프레임워크 [org.eclipse.ui.workbench.texteditor 3.16.300.v20211119-1032]
> Start DBeaver Sample Database [org.jkiss.dbeaver.ext.sample.database 1.0.115.202203181646]
> Start DBeaver Tip of the day [org.jkiss.dbeaver.ext.ui.tipoftheday 1.0.84.202203181646]
2022-05-20 21:02:50.934 - Open [https://dbeaver.io/product/version.xml]
> Start DBeaver UI Editors - Connections [org.jkiss.dbeaver.ui.editors.connection 1.0.69.202203181646]
> Start DBeaver MySQL UI Support [org.jkiss.dbeaver.ext.mysql.ui 1.0.70.202203181646]
> Start DBeaver MySQL Support [org.jkiss.dbeaver.ext.mysql 2.1.163.202203181646]
> Start DBeaver SSH tunnels UI [org.jkiss.dbeaver.net.ssh.ui 1.0.99.202203181646]
> Start DBeaver SSH tunnels [org.jkiss.dbeaver.net.ssh 1.0.99.202203181646]
2022-05-20 21:03:26.467 - Service 'org.jkiss.dbeaver.runtime.ui.UIServiceSecurity' not found
2022-05-20 21:04:40.497 - Service 'org.jkiss.dbeaver.runtime.ui.UIServiceSecurity' not found
2022-05-20 21:05:48.859 - Connect with 'jdbc:mysql://localhost:3306/' (mysql8-180e15c108b-6205b45e3040f23d)
2022-05-20 21:05:48.908 - Execution context opened (jdbc:mysql://localhost:3306/; Main; 0)
> Start DBeaver GIS Support [org.jkiss.dbeaver.data.gis 1.0.102.202203181646]
2022-05-20 21:05:49.432 - Connected (mysql8-180e15c108b-6205b45e3040f23d, MySQL Connector/J [mysql-connector-java-8.0.28 (Revision: 7ff2161da3899f379fb3171b6538b191b1c5c7e2)])
2022-05-20 21:05:49.495 - Execution context closed (jdbc:mysql://localhost:3306/, 0)
2022-05-20 21:05:49.495 - Disconnected (mysql8-180e15c108b-6205b45e3040f23d)
2022-05-20 21:09:20.397 - Connect with 'localhost' (mysql8-180e15b0336-5c468dffaba35dd1)
2022-05-20 21:09:20.397 - Execution context opened (localhost; Main; 1)
2022-05-20 21:09:20.406 - Execution context opened (localhost; Metadata; 2)
2022-05-20 21:09:20.457 - Connected (mysql8-180e15b0336-5c468dffaba35dd1, MySQL Connector/J [mysql-connector-java-8.0.28 (Revision: 7ff2161da3899f379fb3171b6538b191b1c5c7e2)])
> Start 핵심 비교 지원 [org.eclipse.compare.core 3.6.1000.v20201020-1107]
> Start 콘솔 [org.eclipse.ui.console 3.11.100.v20210721-1355]
> Start 디버그 핵심 [org.eclipse.debug.core 3.18.300.v20211117-1829]
2022-05-20 21:09:50.761 - Delete empty SQL script '\General\Scripts\mysql.sql'
2022-05-20 21:11:24.877 - Service 'org.jkiss.dbeaver.runtime.ui.UIServiceSecurity' not found
2022-05-20 21:11:46.116 - Execution context closed (localhost, 1)
2022-05-20 21:11:46.178 - Execution context closed (localhost, 2)
2022-05-20 21:11:46.192 - Connections reopened: 2 (of 2)
2022-05-20 21:11:51.892 - Delete empty SQL script '\General\Scripts\mysql.sql'
2022-05-20 21:12:13.321 - Delete empty SQL script '\General\Scripts\Script-1.sql'
2022-05-20 21:12:49.671 - Service 'org.jkiss.dbeaver.runtime.ui.UIServiceSecurity' not found
2022-05-20 21:12:52.501 - Connect with 'jdbc:mysql://localhost:3306/' (mysql8-180e1628774-5a7b26b6c97b12be)
2022-05-20 21:12:52.502 - Execution context opened (jdbc:mysql://localhost:3306/; Main; 3)
2022-05-20 21:12:52.540 - Connected (mysql8-180e1628774-5a7b26b6c97b12be, MySQL Connector/J [mysql-connector-java-8.0.28 (Revision: 7ff2161da3899f379fb3171b6538b191b1c5c7e2)])
2022-05-20 21:12:52.602 - Execution context closed (jdbc:mysql://localhost:3306/, 3)
2022-05-20 21:12:52.602 - Disconnected (mysql8-180e1628774-5a7b26b6c97b12be)
2022-05-20 21:12:59.912 - Execution context closed (localhost, 1)
2022-05-20 21:12:59.974 - Execution context closed (localhost, 2)
2022-05-20 21:12:59.976 - Disconnected (mysql8-180e15b0336-5c468dffaba35dd1)
2022-05-20 21:13:04.590 - Connect with 'localhost' (mysql8-180e15b0336-5c468dffaba35dd1)
2022-05-20 21:13:04.591 - Execution context opened (localhost; Main; 4)
2022-05-20 21:13:04.596 - Execution context opened (localhost; Metadata; 5)
2022-05-20 21:13:04.622 - Connected (mysql8-180e15b0336-5c468dffaba35dd1, MySQL Connector/J [mysql-connector-java-8.0.28 (Revision: 7ff2161da3899f379fb3171b6538b191b1c5c7e2)])
2022-05-20 21:13:45.869 - Transaction log is not available.
Connect to a database.
> Start DBeaver Tasks View [org.jkiss.dbeaver.tasks.ui.view 1.0.27.202203181646]
> Start DBeaver Tasks - General UI [org.jkiss.dbeaver.tasks.ui 1.0.56.202203181646]
2022-05-20 21:18:36.400 - Transaction log is not available.
Connect to a database.
2022-05-20 21:21:02.232 - No active connection. Action is in disabled state.
2022-05-20 21:21:48.424 - Service 'org.jkiss.dbeaver.runtime.ui.UIServiceSecurity' not found
2022-05-20 21:22:09.502 - Execution context closed (localhost, 4)
2022-05-20 21:22:09.564 - Execution context closed (localhost, 5)
2022-05-20 21:22:09.564 - Disconnected (mysql8-180e15b0336-5c468dffaba35dd1)
2022-05-20 21:22:10.594 - Connect with 'localhost' (mysql8-180e15b0336-5c468dffaba35dd1)
2022-05-20 21:22:10.594 - Execution context opened (localhost; Main; 6)
2022-05-20 21:22:10.601 - Execution context opened (localhost; Metadata; 7)
2022-05-20 21:22:10.627 - Connected (mysql8-180e15b0336-5c468dffaba35dd1, MySQL Connector/J [mysql-connector-java-8.0.28 (Revision: 7ff2161da3899f379fb3171b6538b191b1c5c7e2)])
> Start Equinox Provisioning 메타데이터 [org.eclipse.equinox.p2.metadata 2.6.100.v20210813-0606]
> Start 리팩토링 핵심 [org.eclipse.ltk.core.refactoring 3.12.100.v20210926-1112]
> Start 리팩토링 사용자 인터페이스 [org.eclipse.ltk.ui.refactoring 3.12.0.v20210618-1953]
> Start 비교 지원 [org.eclipse.compare 3.8.200.v20210910-1335]
Warning: NLS unused message: 참고 in: org.eclipse.ltk.internal.ui.refactoring.RefactoringUIMessages
2022-05-20 21:26:17.818 - Paste error: unsupported clipboard format. File or folder were expected.
2022-05-20 21:26:21.918 - Error during job 'Drop files to workspace' execution
java.lang.Exception: '/mysql/Scripts' 자원이 없습니다.
	at org.eclipse.core.internal.resources.ResourceException.provideStackTrace(ResourceException.java:42)
	at org.eclipse.core.internal.resources.ResourceException.<init>(ResourceException.java:38)
	at org.eclipse.core.internal.resources.Resource.checkExists(Resource.java:330)
	at org.eclipse.core.internal.resources.Resource.checkMoveRequirements(Resource.java:401)
	at org.eclipse.core.internal.resources.Resource.assertMoveRequirements(Resource.java:195)
	at org.eclipse.core.internal.resources.Resource.move(Resource.java:1491)
	at org.eclipse.core.internal.resources.Resource.move(Resource.java:1476)
	at org.jkiss.dbeaver.model.navigator.DBNResource$1.run(DBNResource.java:361)
	at org.jkiss.dbeaver.model.runtime.AbstractJob.run(AbstractJob.java:105)
	at org.eclipse.core.internal.jobs.Worker.run(Worker.java:63)
2022-05-20 21:26:27.090 - Error during job 'Drop files to workspace' execution
java.lang.Exception: '/mysql/Scripts' 자원이 없습니다.
	at org.eclipse.core.internal.resources.ResourceException.provideStackTrace(ResourceException.java:42)
	at org.eclipse.core.internal.resources.ResourceException.<init>(ResourceException.java:38)
	at org.eclipse.core.internal.resources.Resource.checkExists(Resource.java:330)
	at org.eclipse.core.internal.resources.Resource.checkMoveRequirements(Resource.java:401)
	at org.eclipse.core.internal.resources.Resource.assertMoveRequirements(Resource.java:195)
	at org.eclipse.core.internal.resources.Resource.move(Resource.java:1491)
	at org.eclipse.core.internal.resources.Resource.move(Resource.java:1476)
	at org.jkiss.dbeaver.model.navigator.DBNResource$1.run(DBNResource.java:361)
	at org.jkiss.dbeaver.model.runtime.AbstractJob.run(AbstractJob.java:105)
	at org.eclipse.core.internal.jobs.Worker.run(Worker.java:63)
2022-05-20 21:27:14.468 - Execution context closed (localhost, 6)
2022-05-20 21:27:14.528 - Execution context closed (localhost, 7)
2022-05-20 21:27:14.533 - Connections reopened: 2 (of 2)
2022-05-20 21:27:17.756 - Transaction log is not available.
Connect to a database.
2022-05-20 21:27:31.024 - Execution context closed (localhost, 6)
2022-05-20 21:27:31.087 - Execution context closed (localhost, 7)
2022-05-20 21:27:31.093 - Connections reopened: 2 (of 2)
2022-05-20 21:27:33.625 - Execution context closed (localhost, 6)
2022-05-20 21:27:33.689 - Execution context closed (localhost, 7)
2022-05-20 21:27:33.698 - Connections reopened: 2 (of 2)
2022-05-20 21:27:40.929 - Execution context opened (localhost; SQLEditor <Script.sql>; 8)
2022-05-20 21:27:42.927 - Delete empty SQL script '\mysql\Scripts\Script.sql'
2022-05-20 21:27:42.982 - Execution context closed (localhost, 8)
2022-05-20 21:28:02.915 - No active connection
2022-05-20 21:28:06.706 - No active connection
2022-05-20 21:28:15.427 - Service 'org.jkiss.dbeaver.runtime.ui.UIServiceSecurity' not found
2022-05-20 21:28:20.055 - Connect with 'jdbc:mysql://localhost:3306/' (mysql8-180e170aea5-29cc8719d14148e9)
2022-05-20 21:28:20.056 - Execution context opened (jdbc:mysql://localhost:3306/; Main; 9)
2022-05-20 21:28:20.095 - Connected (mysql8-180e170aea5-29cc8719d14148e9, MySQL Connector/J [mysql-connector-java-8.0.28 (Revision: 7ff2161da3899f379fb3171b6538b191b1c5c7e2)])
2022-05-20 21:28:20.154 - Execution context closed (jdbc:mysql://localhost:3306/, 9)
2022-05-20 21:28:20.154 - Disconnected (mysql8-180e170aea5-29cc8719d14148e9)
2022-05-20 21:28:28.634 - Service 'org.jkiss.dbeaver.runtime.ui.UIServiceSecurity' not found
2022-05-20 21:28:39.211 - Execution context closed (localhost, 6)
2022-05-20 21:28:39.273 - Execution context closed (localhost, 7)
2022-05-20 21:28:39.273 - Disconnected (mysql8-180e15b0336-5c468dffaba35dd1)
2022-05-20 21:28:39.306 - Connect with 'localhost' (mysql8-180e15b0336-5c468dffaba35dd1)
2022-05-20 21:28:39.307 - Execution context opened (localhost; Main; 10)
2022-05-20 21:28:39.316 - Execution context opened (localhost; Metadata; 11)
2022-05-20 21:28:39.352 - Connected (mysql8-180e15b0336-5c468dffaba35dd1, MySQL Connector/J [mysql-connector-java-8.0.28 (Revision: 7ff2161da3899f379fb3171b6538b191b1c5c7e2)])
> Start 검색 지원 [org.eclipse.search 3.14.0.v20211108-0804]
2022-05-20 21:29:03.652 - Transaction log is not available.
Connect to a database.
2022-05-20 21:29:23.318 - Service 'org.jkiss.dbeaver.runtime.ui.UIServiceSecurity' not found
2022-05-20 21:31:49.579 - No active connection. Action is in disabled state.
2022-05-20 21:31:50.281 - No active connection. Action is in disabled state.
2022-05-20 21:31:50.457 - No active connection. Action is in disabled state.
2022-05-20 21:31:50.616 - No active connection. Action is in disabled state.
2022-05-20 21:31:50.751 - No active connection. Action is in disabled state.
2022-05-20 21:31:57.566 - Execution context opened (localhost; SQLEditor <mysql.sql>; 12)
2022-05-20 21:37:50.213 - SQL Error [1146] [42S02]: Table 'test.guest' doesn't exist
org.jkiss.dbeaver.model.sql.DBSQLException: SQL Error [1146] [42S02]: Table 'test.guest' doesn't exist
	at org.jkiss.dbeaver.model.impl.jdbc.exec.JDBCStatementImpl.executeStatement(JDBCStatementImpl.java:133)
	at org.jkiss.dbeaver.ui.editors.sql.execute.SQLQueryJob.executeStatement(SQLQueryJob.java:513)
	at org.jkiss.dbeaver.ui.editors.sql.execute.SQLQueryJob.lambda$0(SQLQueryJob.java:444)
	at org.jkiss.dbeaver.model.exec.DBExecUtils.tryExecuteRecover(DBExecUtils.java:171)
	at org.jkiss.dbeaver.ui.editors.sql.execute.SQLQueryJob.executeSingleQuery(SQLQueryJob.java:431)
	at org.jkiss.dbeaver.ui.editors.sql.execute.SQLQueryJob.extractData(SQLQueryJob.java:816)
	at org.jkiss.dbeaver.ui.editors.sql.SQLEditor$QueryResultsContainer.readData(SQLEditor.java:3504)
	at org.jkiss.dbeaver.ui.controls.resultset.ResultSetJobDataRead.lambda$0(ResultSetJobDataRead.java:118)
	at org.jkiss.dbeaver.model.exec.DBExecUtils.tryExecuteRecover(DBExecUtils.java:171)
	at org.jkiss.dbeaver.ui.controls.resultset.ResultSetJobDataRead.run(ResultSetJobDataRead.java:116)
	at org.jkiss.dbeaver.ui.controls.resultset.ResultSetViewer$ResultSetDataPumpJob.run(ResultSetViewer.java:4855)
	at org.jkiss.dbeaver.model.runtime.AbstractJob.run(AbstractJob.java:105)
	at org.eclipse.core.internal.jobs.Worker.run(Worker.java:63)
Caused by: java.sql.SQLSyntaxErrorException: Table 'test.guest' doesn't exist
	at com.mysql.cj.jdbc.exceptions.SQLError.createSQLException(SQLError.java:120)
	at com.mysql.cj.jdbc.exceptions.SQLExceptionsMapping.translateException(SQLExceptionsMapping.java:122)
	at com.mysql.cj.jdbc.StatementImpl.executeInternal(StatementImpl.java:763)
	at com.mysql.cj.jdbc.StatementImpl.execute(StatementImpl.java:648)
	at org.jkiss.dbeaver.model.impl.jdbc.exec.JDBCStatementImpl.execute(JDBCStatementImpl.java:329)
	at org.jkiss.dbeaver.model.impl.jdbc.exec.JDBCStatementImpl.lambda$0(JDBCStatementImpl.java:131)
	at org.jkiss.dbeaver.utils.SecurityManagerUtils.wrapDriverActions(SecurityManagerUtils.java:94)
	at org.jkiss.dbeaver.model.impl.jdbc.exec.JDBCStatementImpl.executeStatement(JDBCStatementImpl.java:131)
	... 12 more
2022-05-20 21:37:55.718 - SQL Error [1064] [42000]: You have an error in your SQL syntax; check the manual that corresponds to your MySQL server version for the right syntax to use near 'use test;

create table guest(
   userNum int unsigned auto_increment primary' at line 2
org.jkiss.dbeaver.model.sql.DBSQLException: SQL Error [1064] [42000]: You have an error in your SQL syntax; check the manual that corresponds to your MySQL server version for the right syntax to use near 'use test;

create table guest(
   userNum int unsigned auto_increment primary' at line 2
	at org.jkiss.dbeaver.model.impl.jdbc.exec.JDBCStatementImpl.executeStatement(JDBCStatementImpl.java:133)
	at org.jkiss.dbeaver.ui.editors.sql.execute.SQLQueryJob.executeStatement(SQLQueryJob.java:513)
	at org.jkiss.dbeaver.ui.editors.sql.execute.SQLQueryJob.lambda$0(SQLQueryJob.java:444)
	at org.jkiss.dbeaver.model.exec.DBExecUtils.tryExecuteRecover(DBExecUtils.java:171)
	at org.jkiss.dbeaver.ui.editors.sql.execute.SQLQueryJob.executeSingleQuery(SQLQueryJob.java:431)
	at org.jkiss.dbeaver.ui.editors.sql.execute.SQLQueryJob.extractData(SQLQueryJob.java:816)
	at org.jkiss.dbeaver.ui.editors.sql.SQLEditor$QueryResultsContainer.readData(SQLEditor.java:3504)
	at org.jkiss.dbeaver.ui.controls.resultset.ResultSetJobDataRead.lambda$0(ResultSetJobDataRead.java:118)
	at org.jkiss.dbeaver.model.exec.DBExecUtils.tryExecuteRecover(DBExecUtils.java:171)
	at org.jkiss.dbeaver.ui.controls.resultset.ResultSetJobDataRead.run(ResultSetJobDataRead.java:116)
	at org.jkiss.dbeaver.ui.controls.resultset.ResultSetViewer$ResultSetDataPumpJob.run(ResultSetViewer.java:4855)
	at org.jkiss.dbeaver.model.runtime.AbstractJob.run(AbstractJob.java:105)
	at org.eclipse.core.internal.jobs.Worker.run(Worker.java:63)
Caused by: java.sql.SQLSyntaxErrorException: You have an error in your SQL syntax; check the manual that corresponds to your MySQL server version for the right syntax to use near 'use test;

create table guest(
   userNum int unsigned auto_increment primary' at line 2
	at com.mysql.cj.jdbc.exceptions.SQLError.createSQLException(SQLError.java:120)
	at com.mysql.cj.jdbc.exceptions.SQLExceptionsMapping.translateException(SQLExceptionsMapping.java:122)
	at com.mysql.cj.jdbc.StatementImpl.executeInternal(StatementImpl.java:763)
	at com.mysql.cj.jdbc.StatementImpl.execute(StatementImpl.java:648)
	at org.jkiss.dbeaver.model.impl.jdbc.exec.JDBCStatementImpl.execute(JDBCStatementImpl.java:329)
	at org.jkiss.dbeaver.model.impl.jdbc.exec.JDBCStatementImpl.lambda$0(JDBCStatementImpl.java:131)
	at org.jkiss.dbeaver.utils.SecurityManagerUtils.wrapDriverActions(SecurityManagerUtils.java:94)
	at org.jkiss.dbeaver.model.impl.jdbc.exec.JDBCStatementImpl.executeStatement(JDBCStatementImpl.java:131)
	... 12 more
2022-05-20 21:38:07.505 - SQL Error [1007] [HY000]: Can't create database 'test'; database exists
org.jkiss.dbeaver.model.sql.DBSQLException: SQL Error [1007] [HY000]: Can't create database 'test'; database exists
	at org.jkiss.dbeaver.model.impl.jdbc.exec.JDBCStatementImpl.executeStatement(JDBCStatementImpl.java:133)
	at org.jkiss.dbeaver.ui.editors.sql.execute.SQLQueryJob.executeStatement(SQLQueryJob.java:513)
	at org.jkiss.dbeaver.ui.editors.sql.execute.SQLQueryJob.lambda$0(SQLQueryJob.java:444)
	at org.jkiss.dbeaver.model.exec.DBExecUtils.tryExecuteRecover(DBExecUtils.java:171)
	at org.jkiss.dbeaver.ui.editors.sql.execute.SQLQueryJob.executeSingleQuery(SQLQueryJob.java:431)
	at org.jkiss.dbeaver.ui.editors.sql.execute.SQLQueryJob.extractData(SQLQueryJob.java:816)
	at org.jkiss.dbeaver.ui.editors.sql.SQLEditor$QueryResultsContainer.readData(SQLEditor.java:3504)
	at org.jkiss.dbeaver.ui.controls.resultset.ResultSetJobDataRead.lambda$0(ResultSetJobDataRead.java:118)
	at org.jkiss.dbeaver.model.exec.DBExecUtils.tryExecuteRecover(DBExecUtils.java:171)
	at org.jkiss.dbeaver.ui.controls.resultset.ResultSetJobDataRead.run(ResultSetJobDataRead.java:116)
	at org.jkiss.dbeaver.ui.controls.resultset.ResultSetViewer$ResultSetDataPumpJob.run(ResultSetViewer.java:4855)
	at org.jkiss.dbeaver.model.runtime.AbstractJob.run(AbstractJob.java:105)
	at org.eclipse.core.internal.jobs.Worker.run(Worker.java:63)
Caused by: java.sql.SQLException: Can't create database 'test'; database exists
	at com.mysql.cj.jdbc.exceptions.SQLError.createSQLException(SQLError.java:129)
	at com.mysql.cj.jdbc.exceptions.SQLExceptionsMapping.translateException(SQLExceptionsMapping.java:122)
	at com.mysql.cj.jdbc.StatementImpl.executeInternal(StatementImpl.java:763)
	at com.mysql.cj.jdbc.StatementImpl.execute(StatementImpl.java:648)
	at org.jkiss.dbeaver.model.impl.jdbc.exec.JDBCStatementImpl.execute(JDBCStatementImpl.java:329)
	at org.jkiss.dbeaver.model.impl.jdbc.exec.JDBCStatementImpl.lambda$0(JDBCStatementImpl.java:131)
	at org.jkiss.dbeaver.utils.SecurityManagerUtils.wrapDriverActions(SecurityManagerUtils.java:94)
	at org.jkiss.dbeaver.model.impl.jdbc.exec.JDBCStatementImpl.executeStatement(JDBCStatementImpl.java:131)
	... 12 more
2022-05-20 21:40:29.205 - Table 'guest.member' not found in metadata catalog
2022-05-20 21:40:29.205 - Table 'guest.member' not found in metadata catalog
2022-05-20 21:40:29.206 - Table 'guest.member' not found in metadata catalog
2022-05-20 21:40:29.206 - Table 'guest.member' not found in metadata catalog
2022-05-20 21:40:43.956 - SQL Error [1146] [42S02]: Table 'guest.guest' doesn't exist
org.jkiss.dbeaver.model.sql.DBSQLException: SQL Error [1146] [42S02]: Table 'guest.guest' doesn't exist
	at org.jkiss.dbeaver.model.impl.jdbc.exec.JDBCStatementImpl.executeStatement(JDBCStatementImpl.java:133)
	at org.jkiss.dbeaver.ui.editors.sql.execute.SQLQueryJob.executeStatement(SQLQueryJob.java:513)
	at org.jkiss.dbeaver.ui.editors.sql.execute.SQLQueryJob.lambda$0(SQLQueryJob.java:444)
	at org.jkiss.dbeaver.model.exec.DBExecUtils.tryExecuteRecover(DBExecUtils.java:171)
	at org.jkiss.dbeaver.ui.editors.sql.execute.SQLQueryJob.executeSingleQuery(SQLQueryJob.java:431)
	at org.jkiss.dbeaver.ui.editors.sql.execute.SQLQueryJob.extractData(SQLQueryJob.java:816)
	at org.jkiss.dbeaver.ui.editors.sql.SQLEditor$QueryResultsContainer.readData(SQLEditor.java:3504)
	at org.jkiss.dbeaver.ui.controls.resultset.ResultSetJobDataRead.lambda$0(ResultSetJobDataRead.java:118)
	at org.jkiss.dbeaver.model.exec.DBExecUtils.tryExecuteRecover(DBExecUtils.java:171)
	at org.jkiss.dbeaver.ui.controls.resultset.ResultSetJobDataRead.run(ResultSetJobDataRead.java:116)
	at org.jkiss.dbeaver.ui.controls.resultset.ResultSetViewer$ResultSetDataPumpJob.run(ResultSetViewer.java:4855)
	at org.jkiss.dbeaver.model.runtime.AbstractJob.run(AbstractJob.java:105)
	at org.eclipse.core.internal.jobs.Worker.run(Worker.java:63)
Caused by: java.sql.SQLSyntaxErrorException: Table 'guest.guest' doesn't exist
	at com.mysql.cj.jdbc.exceptions.SQLError.createSQLException(SQLError.java:120)
	at com.mysql.cj.jdbc.exceptions.SQLExceptionsMapping.translateException(SQLExceptionsMapping.java:122)
	at com.mysql.cj.jdbc.StatementImpl.executeInternal(StatementImpl.java:763)
	at com.mysql.cj.jdbc.StatementImpl.execute(StatementImpl.java:648)
	at org.jkiss.dbeaver.model.impl.jdbc.exec.JDBCStatementImpl.execute(JDBCStatementImpl.java:329)
	at org.jkiss.dbeaver.model.impl.jdbc.exec.JDBCStatementImpl.lambda$0(JDBCStatementImpl.java:131)
	at org.jkiss.dbeaver.utils.SecurityManagerUtils.wrapDriverActions(SecurityManagerUtils.java:94)
	at org.jkiss.dbeaver.model.impl.jdbc.exec.JDBCStatementImpl.executeStatement(JDBCStatementImpl.java:131)
	... 12 more
2022-05-20 21:42:11.871 - SQL Error [1064] [42000]: You have an error in your SQL syntax; check the manual that corresponds to your MySQL server version for the right syntax to use near 'primary key birth date)' at line 1
org.jkiss.dbeaver.model.sql.DBSQLException: SQL Error [1064] [42000]: You have an error in your SQL syntax; check the manual that corresponds to your MySQL server version for the right syntax to use near 'primary key birth date)' at line 1
	at org.jkiss.dbeaver.model.impl.jdbc.exec.JDBCStatementImpl.executeStatement(JDBCStatementImpl.java:133)
	at org.jkiss.dbeaver.ui.editors.sql.execute.SQLQueryJob.executeStatement(SQLQueryJob.java:513)
	at org.jkiss.dbeaver.ui.editors.sql.execute.SQLQueryJob.lambda$0(SQLQueryJob.java:444)
	at org.jkiss.dbeaver.model.exec.DBExecUtils.tryExecuteRecover(DBExecUtils.java:171)
	at org.jkiss.dbeaver.ui.editors.sql.execute.SQLQueryJob.executeSingleQuery(SQLQueryJob.java:431)
	at org.jkiss.dbeaver.ui.editors.sql.execute.SQLQueryJob.extractData(SQLQueryJob.java:816)
	at org.jkiss.dbeaver.ui.editors.sql.SQLEditor$QueryResultsContainer.readData(SQLEditor.java:3504)
	at org.jkiss.dbeaver.ui.controls.resultset.ResultSetJobDataRead.lambda$0(ResultSetJobDataRead.java:118)
	at org.jkiss.dbeaver.model.exec.DBExecUtils.tryExecuteRecover(DBExecUtils.java:171)
	at org.jkiss.dbeaver.ui.controls.resultset.ResultSetJobDataRead.run(ResultSetJobDataRead.java:116)
	at org.jkiss.dbeaver.ui.controls.resultset.ResultSetViewer$ResultSetDataPumpJob.run(ResultSetViewer.java:4855)
	at org.jkiss.dbeaver.model.runtime.AbstractJob.run(AbstractJob.java:105)
	at org.eclipse.core.internal.jobs.Worker.run(Worker.java:63)
Caused by: java.sql.SQLSyntaxErrorException: You have an error in your SQL syntax; check the manual that corresponds to your MySQL server version for the right syntax to use near 'primary key birth date)' at line 1
	at com.mysql.cj.jdbc.exceptions.SQLError.createSQLException(SQLError.java:120)
	at com.mysql.cj.jdbc.exceptions.SQLExceptionsMapping.translateException(SQLExceptionsMapping.java:122)
	at com.mysql.cj.jdbc.StatementImpl.executeInternal(StatementImpl.java:763)
	at com.mysql.cj.jdbc.StatementImpl.execute(StatementImpl.java:648)
	at org.jkiss.dbeaver.model.impl.jdbc.exec.JDBCStatementImpl.execute(JDBCStatementImpl.java:329)
	at org.jkiss.dbeaver.model.impl.jdbc.exec.JDBCStatementImpl.lambda$0(JDBCStatementImpl.java:131)
	at org.jkiss.dbeaver.utils.SecurityManagerUtils.wrapDriverActions(SecurityManagerUtils.java:94)
	at org.jkiss.dbeaver.model.impl.jdbc.exec.JDBCStatementImpl.executeStatement(JDBCStatementImpl.java:131)
	... 12 more
2022-05-20 21:42:17.404 - Table 'guest.member' not found in metadata catalog
2022-05-20 21:42:17.404 - Table 'guest.member' not found in metadata catalog
2022-05-20 21:42:17.405 - Table 'guest.member' not found in metadata catalog
2022-05-20 21:42:17.405 - Table 'guest.member' not found in metadata catalog
2022-05-20 21:42:19.393 - SQL Error [1064] [42000]: You have an error in your SQL syntax; check the manual that corresponds to your MySQL server version for the right syntax to use near 'primary key birth date)' at line 1
org.jkiss.dbeaver.model.sql.DBSQLException: SQL Error [1064] [42000]: You have an error in your SQL syntax; check the manual that corresponds to your MySQL server version for the right syntax to use near 'primary key birth date)' at line 1
	at org.jkiss.dbeaver.model.impl.jdbc.exec.JDBCStatementImpl.executeStatement(JDBCStatementImpl.java:133)
	at org.jkiss.dbeaver.ui.editors.sql.execute.SQLQueryJob.executeStatement(SQLQueryJob.java:513)
	at org.jkiss.dbeaver.ui.editors.sql.execute.SQLQueryJob.lambda$0(SQLQueryJob.java:444)
	at org.jkiss.dbeaver.model.exec.DBExecUtils.tryExecuteRecover(DBExecUtils.java:171)
	at org.jkiss.dbeaver.ui.editors.sql.execute.SQLQueryJob.executeSingleQuery(SQLQueryJob.java:431)
	at org.jkiss.dbeaver.ui.editors.sql.execute.SQLQueryJob.extractData(SQLQueryJob.java:816)
	at org.jkiss.dbeaver.ui.editors.sql.SQLEditor$QueryResultsContainer.readData(SQLEditor.java:3504)
	at org.jkiss.dbeaver.ui.controls.resultset.ResultSetJobDataRead.lambda$0(ResultSetJobDataRead.java:118)
	at org.jkiss.dbeaver.model.exec.DBExecUtils.tryExecuteRecover(DBExecUtils.java:171)
	at org.jkiss.dbeaver.ui.controls.resultset.ResultSetJobDataRead.run(ResultSetJobDataRead.java:116)
	at org.jkiss.dbeaver.ui.controls.resultset.ResultSetViewer$ResultSetDataPumpJob.run(ResultSetViewer.java:4855)
	at org.jkiss.dbeaver.model.runtime.AbstractJob.run(AbstractJob.java:105)
	at org.eclipse.core.internal.jobs.Worker.run(Worker.java:63)
Caused by: java.sql.SQLSyntaxErrorException: You have an error in your SQL syntax; check the manual that corresponds to your MySQL server version for the right syntax to use near 'primary key birth date)' at line 1
	at com.mysql.cj.jdbc.exceptions.SQLError.createSQLException(SQLError.java:120)
	at com.mysql.cj.jdbc.exceptions.SQLExceptionsMapping.translateException(SQLExceptionsMapping.java:122)
	at com.mysql.cj.jdbc.StatementImpl.executeInternal(StatementImpl.java:763)
	at com.mysql.cj.jdbc.StatementImpl.execute(StatementImpl.java:648)
	at org.jkiss.dbeaver.model.impl.jdbc.exec.JDBCStatementImpl.execute(JDBCStatementImpl.java:329)
	at org.jkiss.dbeaver.model.impl.jdbc.exec.JDBCStatementImpl.lambda$0(JDBCStatementImpl.java:131)
	at org.jkiss.dbeaver.utils.SecurityManagerUtils.wrapDriverActions(SecurityManagerUtils.java:94)
	at org.jkiss.dbeaver.model.impl.jdbc.exec.JDBCStatementImpl.executeStatement(JDBCStatementImpl.java:131)
	... 12 more
2022-05-20 21:43:03.979 - SQL Error [1064] [42000]: You have an error in your SQL syntax; check the manual that corresponds to your MySQL server version for the right syntax to use near 'primary key birth date)' at line 1
org.jkiss.dbeaver.model.sql.DBSQLException: SQL Error [1064] [42000]: You have an error in your SQL syntax; check the manual that corresponds to your MySQL server version for the right syntax to use near 'primary key birth date)' at line 1
	at org.jkiss.dbeaver.model.impl.jdbc.exec.JDBCStatementImpl.executeStatement(JDBCStatementImpl.java:133)
	at org.jkiss.dbeaver.ui.editors.sql.execute.SQLQueryJob.executeStatement(SQLQueryJob.java:513)
	at org.jkiss.dbeaver.ui.editors.sql.execute.SQLQueryJob.lambda$0(SQLQueryJob.java:444)
	at org.jkiss.dbeaver.model.exec.DBExecUtils.tryExecuteRecover(DBExecUtils.java:171)
	at org.jkiss.dbeaver.ui.editors.sql.execute.SQLQueryJob.executeSingleQuery(SQLQueryJob.java:431)
	at org.jkiss.dbeaver.ui.editors.sql.execute.SQLQueryJob.extractData(SQLQueryJob.java:816)
	at org.jkiss.dbeaver.ui.editors.sql.SQLEditor$QueryResultsContainer.readData(SQLEditor.java:3504)
	at org.jkiss.dbeaver.ui.controls.resultset.ResultSetJobDataRead.lambda$0(ResultSetJobDataRead.java:118)
	at org.jkiss.dbeaver.model.exec.DBExecUtils.tryExecuteRecover(DBExecUtils.java:171)
	at org.jkiss.dbeaver.ui.controls.resultset.ResultSetJobDataRead.run(ResultSetJobDataRead.java:116)
	at org.jkiss.dbeaver.ui.controls.resultset.ResultSetViewer$ResultSetDataPumpJob.run(ResultSetViewer.java:4855)
	at org.jkiss.dbeaver.model.runtime.AbstractJob.run(AbstractJob.java:105)
	at org.eclipse.core.internal.jobs.Worker.run(Worker.java:63)
Caused by: java.sql.SQLSyntaxErrorException: You have an error in your SQL syntax; check the manual that corresponds to your MySQL server version for the right syntax to use near 'primary key birth date)' at line 1
	at com.mysql.cj.jdbc.exceptions.SQLError.createSQLException(SQLError.java:120)
	at com.mysql.cj.jdbc.exceptions.SQLExceptionsMapping.translateException(SQLExceptionsMapping.java:122)
	at com.mysql.cj.jdbc.StatementImpl.executeInternal(StatementImpl.java:763)
	at com.mysql.cj.jdbc.StatementImpl.execute(StatementImpl.java:648)
	at org.jkiss.dbeaver.model.impl.jdbc.exec.JDBCStatementImpl.execute(JDBCStatementImpl.java:329)
	at org.jkiss.dbeaver.model.impl.jdbc.exec.JDBCStatementImpl.lambda$0(JDBCStatementImpl.java:131)
	at org.jkiss.dbeaver.utils.SecurityManagerUtils.wrapDriverActions(SecurityManagerUtils.java:94)
	at org.jkiss.dbeaver.model.impl.jdbc.exec.JDBCStatementImpl.executeStatement(JDBCStatementImpl.java:131)
	... 12 more
2022-05-20 21:43:29.797 - SQL Error [1064] [42000]: You have an error in your SQL syntax; check the manual that corresponds to your MySQL server version for the right syntax to use near 'primary key)(birth date)' at line 1
org.jkiss.dbeaver.model.sql.DBSQLException: SQL Error [1064] [42000]: You have an error in your SQL syntax; check the manual that corresponds to your MySQL server version for the right syntax to use near 'primary key)(birth date)' at line 1
	at org.jkiss.dbeaver.model.impl.jdbc.exec.JDBCStatementImpl.executeStatement(JDBCStatementImpl.java:133)
	at org.jkiss.dbeaver.ui.editors.sql.execute.SQLQueryJob.executeStatement(SQLQueryJob.java:513)
	at org.jkiss.dbeaver.ui.editors.sql.execute.SQLQueryJob.lambda$0(SQLQueryJob.java:444)
	at org.jkiss.dbeaver.model.exec.DBExecUtils.tryExecuteRecover(DBExecUtils.java:171)
	at org.jkiss.dbeaver.ui.editors.sql.execute.SQLQueryJob.executeSingleQuery(SQLQueryJob.java:431)
	at org.jkiss.dbeaver.ui.editors.sql.execute.SQLQueryJob.extractData(SQLQueryJob.java:816)
	at org.jkiss.dbeaver.ui.editors.sql.SQLEditor$QueryResultsContainer.readData(SQLEditor.java:3504)
	at org.jkiss.dbeaver.ui.controls.resultset.ResultSetJobDataRead.lambda$0(ResultSetJobDataRead.java:118)
	at org.jkiss.dbeaver.model.exec.DBExecUtils.tryExecuteRecover(DBExecUtils.java:171)
	at org.jkiss.dbeaver.ui.controls.resultset.ResultSetJobDataRead.run(ResultSetJobDataRead.java:116)
	at org.jkiss.dbeaver.ui.controls.resultset.ResultSetViewer$ResultSetDataPumpJob.run(ResultSetViewer.java:4855)
	at org.jkiss.dbeaver.model.runtime.AbstractJob.run(AbstractJob.java:105)
	at org.eclipse.core.internal.jobs.Worker.run(Worker.java:63)
Caused by: java.sql.SQLSyntaxErrorException: You have an error in your SQL syntax; check the manual that corresponds to your MySQL server version for the right syntax to use near 'primary key)(birth date)' at line 1
	at com.mysql.cj.jdbc.exceptions.SQLError.createSQLException(SQLError.java:120)
	at com.mysql.cj.jdbc.exceptions.SQLExceptionsMapping.translateException(SQLExceptionsMapping.java:122)
	at com.mysql.cj.jdbc.StatementImpl.executeInternal(StatementImpl.java:763)
	at com.mysql.cj.jdbc.StatementImpl.execute(StatementImpl.java:648)
	at org.jkiss.dbeaver.model.impl.jdbc.exec.JDBCStatementImpl.execute(JDBCStatementImpl.java:329)
	at org.jkiss.dbeaver.model.impl.jdbc.exec.JDBCStatementImpl.lambda$0(JDBCStatementImpl.java:131)
	at org.jkiss.dbeaver.utils.SecurityManagerUtils.wrapDriverActions(SecurityManagerUtils.java:94)
	at org.jkiss.dbeaver.model.impl.jdbc.exec.JDBCStatementImpl.executeStatement(JDBCStatementImpl.java:131)
	... 12 more
2022-05-20 21:43:31.468 - SQL Error [1064] [42000]: You have an error in your SQL syntax; check the manual that corresponds to your MySQL server version for the right syntax to use near 'primary key),(birth date)' at line 1
org.jkiss.dbeaver.model.sql.DBSQLException: SQL Error [1064] [42000]: You have an error in your SQL syntax; check the manual that corresponds to your MySQL server version for the right syntax to use near 'primary key),(birth date)' at line 1
	at org.jkiss.dbeaver.model.impl.jdbc.exec.JDBCStatementImpl.executeStatement(JDBCStatementImpl.java:133)
	at org.jkiss.dbeaver.ui.editors.sql.execute.SQLQueryJob.executeStatement(SQLQueryJob.java:513)
	at org.jkiss.dbeaver.ui.editors.sql.execute.SQLQueryJob.lambda$0(SQLQueryJob.java:444)
	at org.jkiss.dbeaver.model.exec.DBExecUtils.tryExecuteRecover(DBExecUtils.java:171)
	at org.jkiss.dbeaver.ui.editors.sql.execute.SQLQueryJob.executeSingleQuery(SQLQueryJob.java:431)
	at org.jkiss.dbeaver.ui.editors.sql.execute.SQLQueryJob.extractData(SQLQueryJob.java:816)
	at org.jkiss.dbeaver.ui.editors.sql.SQLEditor$QueryResultsContainer.readData(SQLEditor.java:3504)
	at org.jkiss.dbeaver.ui.controls.resultset.ResultSetJobDataRead.lambda$0(ResultSetJobDataRead.java:118)
	at org.jkiss.dbeaver.model.exec.DBExecUtils.tryExecuteRecover(DBExecUtils.java:171)
	at org.jkiss.dbeaver.ui.controls.resultset.ResultSetJobDataRead.run(ResultSetJobDataRead.java:116)
	at org.jkiss.dbeaver.ui.controls.resultset.ResultSetViewer$ResultSetDataPumpJob.run(ResultSetViewer.java:4855)
	at org.jkiss.dbeaver.model.runtime.AbstractJob.run(AbstractJob.java:105)
	at org.eclipse.core.internal.jobs.Worker.run(Worker.java:63)
Caused by: java.sql.SQLSyntaxErrorException: You have an error in your SQL syntax; check the manual that corresponds to your MySQL server version for the right syntax to use near 'primary key),(birth date)' at line 1
	at com.mysql.cj.jdbc.exceptions.SQLError.createSQLException(SQLError.java:120)
	at com.mysql.cj.jdbc.exceptions.SQLExceptionsMapping.translateException(SQLExceptionsMapping.java:122)
	at com.mysql.cj.jdbc.StatementImpl.executeInternal(StatementImpl.java:763)
	at com.mysql.cj.jdbc.StatementImpl.execute(StatementImpl.java:648)
	at org.jkiss.dbeaver.model.impl.jdbc.exec.JDBCStatementImpl.execute(JDBCStatementImpl.java:329)
	at org.jkiss.dbeaver.model.impl.jdbc.exec.JDBCStatementImpl.lambda$0(JDBCStatementImpl.java:131)
	at org.jkiss.dbeaver.utils.SecurityManagerUtils.wrapDriverActions(SecurityManagerUtils.java:94)
	at org.jkiss.dbeaver.model.impl.jdbc.exec.JDBCStatementImpl.executeStatement(JDBCStatementImpl.java:131)
	... 12 more
2022-05-20 21:43:42.623 - Table 'guest.member' not found in metadata catalog
2022-05-20 21:43:42.624 - Table 'guest.member' not found in metadata catalog
2022-05-20 21:43:42.624 - Table 'guest.member' not found in metadata catalog
2022-05-20 21:43:42.624 - Table 'guest.member' not found in metadata catalog
2022-05-20 21:43:42.625 - Table 'guest.member' not found in metadata catalog
2022-05-20 21:44:23.713 - SQL Error [1064] [42000]: You have an error in your SQL syntax; check the manual that corresponds to your MySQL server version for the right syntax to use near 'table `member` add column(birth date)' at line 1
org.jkiss.dbeaver.model.sql.DBSQLException: SQL Error [1064] [42000]: You have an error in your SQL syntax; check the manual that corresponds to your MySQL server version for the right syntax to use near 'table `member` add column(birth date)' at line 1
	at org.jkiss.dbeaver.model.impl.jdbc.exec.JDBCStatementImpl.executeStatement(JDBCStatementImpl.java:133)
	at org.jkiss.dbeaver.ui.editors.sql.execute.SQLQueryJob.executeStatement(SQLQueryJob.java:513)
	at org.jkiss.dbeaver.ui.editors.sql.execute.SQLQueryJob.lambda$0(SQLQueryJob.java:444)
	at org.jkiss.dbeaver.model.exec.DBExecUtils.tryExecuteRecover(DBExecUtils.java:171)
	at org.jkiss.dbeaver.ui.editors.sql.execute.SQLQueryJob.executeSingleQuery(SQLQueryJob.java:431)
	at org.jkiss.dbeaver.ui.editors.sql.execute.SQLQueryJob.extractData(SQLQueryJob.java:816)
	at org.jkiss.dbeaver.ui.editors.sql.SQLEditor$QueryResultsContainer.readData(SQLEditor.java:3504)
	at org.jkiss.dbeaver.ui.controls.resultset.ResultSetJobDataRead.lambda$0(ResultSetJobDataRead.java:118)
	at org.jkiss.dbeaver.model.exec.DBExecUtils.tryExecuteRecover(DBExecUtils.java:171)
	at org.jkiss.dbeaver.ui.controls.resultset.ResultSetJobDataRead.run(ResultSetJobDataRead.java:116)
	at org.jkiss.dbeaver.ui.controls.resultset.ResultSetViewer$ResultSetDataPumpJob.run(ResultSetViewer.java:4855)
	at org.jkiss.dbeaver.model.runtime.AbstractJob.run(AbstractJob.java:105)
	at org.eclipse.core.internal.jobs.Worker.run(Worker.java:63)
Caused by: java.sql.SQLSyntaxErrorException: You have an error in your SQL syntax; check the manual that corresponds to your MySQL server version for the right syntax to use near 'table `member` add column(birth date)' at line 1
	at com.mysql.cj.jdbc.exceptions.SQLError.createSQLException(SQLError.java:120)
	at com.mysql.cj.jdbc.exceptions.SQLExceptionsMapping.translateException(SQLExceptionsMapping.java:122)
	at com.mysql.cj.jdbc.StatementImpl.executeInternal(StatementImpl.java:763)
	at com.mysql.cj.jdbc.StatementImpl.execute(StatementImpl.java:648)
	at org.jkiss.dbeaver.model.impl.jdbc.exec.JDBCStatementImpl.execute(JDBCStatementImpl.java:329)
	at org.jkiss.dbeaver.model.impl.jdbc.exec.JDBCStatementImpl.lambda$0(JDBCStatementImpl.java:131)
	at org.jkiss.dbeaver.utils.SecurityManagerUtils.wrapDriverActions(SecurityManagerUtils.java:94)
	at org.jkiss.dbeaver.model.impl.jdbc.exec.JDBCStatementImpl.executeStatement(JDBCStatementImpl.java:131)
	... 12 more
2022-05-20 21:45:18.542 - SQL Error [1064] [42000]: You have an error in your SQL syntax; check the manual that corresponds to your MySQL server version for the right syntax to use near '(birth date)' at line 1
org.jkiss.dbeaver.model.sql.DBSQLException: SQL Error [1064] [42000]: You have an error in your SQL syntax; check the manual that corresponds to your MySQL server version for the right syntax to use near '(birth date)' at line 1
	at org.jkiss.dbeaver.model.impl.jdbc.exec.JDBCStatementImpl.executeStatement(JDBCStatementImpl.java:133)
	at org.jkiss.dbeaver.ui.editors.sql.execute.SQLQueryJob.executeStatement(SQLQueryJob.java:513)
	at org.jkiss.dbeaver.ui.editors.sql.execute.SQLQueryJob.lambda$0(SQLQueryJob.java:444)
	at org.jkiss.dbeaver.model.exec.DBExecUtils.tryExecuteRecover(DBExecUtils.java:171)
	at org.jkiss.dbeaver.ui.editors.sql.execute.SQLQueryJob.executeSingleQuery(SQLQueryJob.java:431)
	at org.jkiss.dbeaver.ui.editors.sql.execute.SQLQueryJob.extractData(SQLQueryJob.java:816)
	at org.jkiss.dbeaver.ui.editors.sql.SQLEditor$QueryResultsContainer.readData(SQLEditor.java:3504)
	at org.jkiss.dbeaver.ui.controls.resultset.ResultSetJobDataRead.lambda$0(ResultSetJobDataRead.java:118)
	at org.jkiss.dbeaver.model.exec.DBExecUtils.tryExecuteRecover(DBExecUtils.java:171)
	at org.jkiss.dbeaver.ui.controls.resultset.ResultSetJobDataRead.run(ResultSetJobDataRead.java:116)
	at org.jkiss.dbeaver.ui.controls.resultset.ResultSetViewer$ResultSetDataPumpJob.run(ResultSetViewer.java:4855)
	at org.jkiss.dbeaver.model.runtime.AbstractJob.run(AbstractJob.java:105)
	at org.eclipse.core.internal.jobs.Worker.run(Worker.java:63)
Caused by: java.sql.SQLSyntaxErrorException: You have an error in your SQL syntax; check the manual that corresponds to your MySQL server version for the right syntax to use near '(birth date)' at line 1
	at com.mysql.cj.jdbc.exceptions.SQLError.createSQLException(SQLError.java:120)
	at com.mysql.cj.jdbc.exceptions.SQLExceptionsMapping.translateException(SQLExceptionsMapping.java:122)
	at com.mysql.cj.jdbc.StatementImpl.executeInternal(StatementImpl.java:763)
	at com.mysql.cj.jdbc.StatementImpl.execute(StatementImpl.java:648)
	at org.jkiss.dbeaver.model.impl.jdbc.exec.JDBCStatementImpl.execute(JDBCStatementImpl.java:329)
	at org.jkiss.dbeaver.model.impl.jdbc.exec.JDBCStatementImpl.lambda$0(JDBCStatementImpl.java:131)
	at org.jkiss.dbeaver.utils.SecurityManagerUtils.wrapDriverActions(SecurityManagerUtils.java:94)
	at org.jkiss.dbeaver.model.impl.jdbc.exec.JDBCStatementImpl.executeStatement(JDBCStatementImpl.java:131)
	... 12 more
2022-05-20 21:45:23.498 - Table 'guest.member' not found in metadata catalog
2022-05-20 21:45:23.499 - Table 'guest.member' not found in metadata catalog
2022-05-20 21:45:23.499 - Table 'guest.member' not found in metadata catalog
2022-05-20 21:45:23.499 - Table 'guest.member' not found in metadata catalog
2022-05-20 21:45:23.499 - Table 'guest.member' not found in metadata catalog
2022-05-20 21:45:29.273 - SQL Error [1064] [42000]: You have an error in your SQL syntax; check the manual that corresponds to your MySQL server version for the right syntax to use near '(birth date)' at line 1
org.jkiss.dbeaver.model.sql.DBSQLException: SQL Error [1064] [42000]: You have an error in your SQL syntax; check the manual that corresponds to your MySQL server version for the right syntax to use near '(birth date)' at line 1
	at org.jkiss.dbeaver.model.impl.jdbc.exec.JDBCStatementImpl.executeStatement(JDBCStatementImpl.java:133)
	at org.jkiss.dbeaver.ui.editors.sql.execute.SQLQueryJob.executeStatement(SQLQueryJob.java:513)
	at org.jkiss.dbeaver.ui.editors.sql.execute.SQLQueryJob.lambda$0(SQLQueryJob.java:444)
	at org.jkiss.dbeaver.model.exec.DBExecUtils.tryExecuteRecover(DBExecUtils.java:171)
	at org.jkiss.dbeaver.ui.editors.sql.execute.SQLQueryJob.executeSingleQuery(SQLQueryJob.java:431)
	at org.jkiss.dbeaver.ui.editors.sql.execute.SQLQueryJob.extractData(SQLQueryJob.java:816)
	at org.jkiss.dbeaver.ui.editors.sql.SQLEditor$QueryResultsContainer.readData(SQLEditor.java:3504)
	at org.jkiss.dbeaver.ui.controls.resultset.ResultSetJobDataRead.lambda$0(ResultSetJobDataRead.java:118)
	at org.jkiss.dbeaver.model.exec.DBExecUtils.tryExecuteRecover(DBExecUtils.java:171)
	at org.jkiss.dbeaver.ui.controls.resultset.ResultSetJobDataRead.run(ResultSetJobDataRead.java:116)
	at org.jkiss.dbeaver.ui.controls.resultset.ResultSetViewer$ResultSetDataPumpJob.run(ResultSetViewer.java:4855)
	at org.jkiss.dbeaver.model.runtime.AbstractJob.run(AbstractJob.java:105)
	at org.eclipse.core.internal.jobs.Worker.run(Worker.java:63)
Caused by: java.sql.SQLSyntaxErrorException: You have an error in your SQL syntax; check the manual that corresponds to your MySQL server version for the right syntax to use near '(birth date)' at line 1
	at com.mysql.cj.jdbc.exceptions.SQLError.createSQLException(SQLError.java:120)
	at com.mysql.cj.jdbc.exceptions.SQLExceptionsMapping.translateException(SQLExceptionsMapping.java:122)
	at com.mysql.cj.jdbc.StatementImpl.executeInternal(StatementImpl.java:763)
	at com.mysql.cj.jdbc.StatementImpl.execute(StatementImpl.java:648)
	at org.jkiss.dbeaver.model.impl.jdbc.exec.JDBCStatementImpl.execute(JDBCStatementImpl.java:329)
	at org.jkiss.dbeaver.model.impl.jdbc.exec.JDBCStatementImpl.lambda$0(JDBCStatementImpl.java:131)
	at org.jkiss.dbeaver.utils.SecurityManagerUtils.wrapDriverActions(SecurityManagerUtils.java:94)
	at org.jkiss.dbeaver.model.impl.jdbc.exec.JDBCStatementImpl.executeStatement(JDBCStatementImpl.java:131)
	... 12 more
2022-05-20 21:45:49.125 - Table 'guest.member' not found in metadata catalog
2022-05-20 21:45:49.125 - Table 'guest.member' not found in metadata catalog
2022-05-20 21:45:49.126 - Table 'guest.member' not found in metadata catalog
2022-05-20 21:45:49.126 - Table 'guest.member' not found in metadata catalog
2022-05-20 21:46:08.288 - SQL Error [1064] [42000]: You have an error in your SQL syntax; check the manual that corresponds to your MySQL server version for the right syntax to use near 'primary key)' at line 1
org.jkiss.dbeaver.model.sql.DBSQLException: SQL Error [1064] [42000]: You have an error in your SQL syntax; check the manual that corresponds to your MySQL server version for the right syntax to use near 'primary key)' at line 1
	at org.jkiss.dbeaver.model.impl.jdbc.exec.JDBCStatementImpl.executeStatement(JDBCStatementImpl.java:133)
	at org.jkiss.dbeaver.ui.editors.sql.execute.SQLQueryJob.executeStatement(SQLQueryJob.java:513)
	at org.jkiss.dbeaver.ui.editors.sql.execute.SQLQueryJob.lambda$0(SQLQueryJob.java:444)
	at org.jkiss.dbeaver.model.exec.DBExecUtils.tryExecuteRecover(DBExecUtils.java:171)
	at org.jkiss.dbeaver.ui.editors.sql.execute.SQLQueryJob.executeSingleQuery(SQLQueryJob.java:431)
	at org.jkiss.dbeaver.ui.editors.sql.execute.SQLQueryJob.extractData(SQLQueryJob.java:816)
	at org.jkiss.dbeaver.ui.editors.sql.SQLEditor$QueryResultsContainer.readData(SQLEditor.java:3504)
	at org.jkiss.dbeaver.ui.controls.resultset.ResultSetJobDataRead.lambda$0(ResultSetJobDataRead.java:118)
	at org.jkiss.dbeaver.model.exec.DBExecUtils.tryExecuteRecover(DBExecUtils.java:171)
	at org.jkiss.dbeaver.ui.controls.resultset.ResultSetJobDataRead.run(ResultSetJobDataRead.java:116)
	at org.jkiss.dbeaver.ui.controls.resultset.ResultSetViewer$ResultSetDataPumpJob.run(ResultSetViewer.java:4855)
	at org.jkiss.dbeaver.model.runtime.AbstractJob.run(AbstractJob.java:105)
	at org.eclipse.core.internal.jobs.Worker.run(Worker.java:63)
Caused by: java.sql.SQLSyntaxErrorException: You have an error in your SQL syntax; check the manual that corresponds to your MySQL server version for the right syntax to use near 'primary key)' at line 1
	at com.mysql.cj.jdbc.exceptions.SQLError.createSQLException(SQLError.java:120)
	at com.mysql.cj.jdbc.exceptions.SQLExceptionsMapping.translateException(SQLExceptionsMapping.java:122)
	at com.mysql.cj.jdbc.StatementImpl.executeInternal(StatementImpl.java:763)
	at com.mysql.cj.jdbc.StatementImpl.execute(StatementImpl.java:648)
	at org.jkiss.dbeaver.model.impl.jdbc.exec.JDBCStatementImpl.execute(JDBCStatementImpl.java:329)
	at org.jkiss.dbeaver.model.impl.jdbc.exec.JDBCStatementImpl.lambda$0(JDBCStatementImpl.java:131)
	at org.jkiss.dbeaver.utils.SecurityManagerUtils.wrapDriverActions(SecurityManagerUtils.java:94)
	at org.jkiss.dbeaver.model.impl.jdbc.exec.JDBCStatementImpl.executeStatement(JDBCStatementImpl.java:131)
	... 12 more
2022-05-20 21:46:16.127 - SQL Error [1064] [42000]: You have an error in your SQL syntax; check the manual that corresponds to your MySQL server version for the right syntax to use near 'auto_increment primary key' at line 1
org.jkiss.dbeaver.model.sql.DBSQLException: SQL Error [1064] [42000]: You have an error in your SQL syntax; check the manual that corresponds to your MySQL server version for the right syntax to use near 'auto_increment primary key' at line 1
	at org.jkiss.dbeaver.model.impl.jdbc.exec.JDBCStatementImpl.executeStatement(JDBCStatementImpl.java:133)
	at org.jkiss.dbeaver.ui.editors.sql.execute.SQLQueryJob.executeStatement(SQLQueryJob.java:513)
	at org.jkiss.dbeaver.ui.editors.sql.execute.SQLQueryJob.lambda$0(SQLQueryJob.java:444)
	at org.jkiss.dbeaver.model.exec.DBExecUtils.tryExecuteRecover(DBExecUtils.java:171)
	at org.jkiss.dbeaver.ui.editors.sql.execute.SQLQueryJob.executeSingleQuery(SQLQueryJob.java:431)
	at org.jkiss.dbeaver.ui.editors.sql.execute.SQLQueryJob.extractData(SQLQueryJob.java:816)
	at org.jkiss.dbeaver.ui.editors.sql.SQLEditor$QueryResultsContainer.readData(SQLEditor.java:3504)
	at org.jkiss.dbeaver.ui.controls.resultset.ResultSetJobDataRead.lambda$0(ResultSetJobDataRead.java:118)
	at org.jkiss.dbeaver.model.exec.DBExecUtils.tryExecuteRecover(DBExecUtils.java:171)
	at org.jkiss.dbeaver.ui.controls.resultset.ResultSetJobDataRead.run(ResultSetJobDataRead.java:116)
	at org.jkiss.dbeaver.ui.controls.resultset.ResultSetViewer$ResultSetDataPumpJob.run(ResultSetViewer.java:4855)
	at org.jkiss.dbeaver.model.runtime.AbstractJob.run(AbstractJob.java:105)
	at org.eclipse.core.internal.jobs.Worker.run(Worker.java:63)
Caused by: java.sql.SQLSyntaxErrorException: You have an error in your SQL syntax; check the manual that corresponds to your MySQL server version for the right syntax to use near 'auto_increment primary key' at line 1
	at com.mysql.cj.jdbc.exceptions.SQLError.createSQLException(SQLError.java:120)
	at com.mysql.cj.jdbc.exceptions.SQLExceptionsMapping.translateException(SQLExceptionsMapping.java:122)
	at com.mysql.cj.jdbc.StatementImpl.executeInternal(StatementImpl.java:763)
	at com.mysql.cj.jdbc.StatementImpl.execute(StatementImpl.java:648)
	at org.jkiss.dbeaver.model.impl.jdbc.exec.JDBCStatementImpl.execute(JDBCStatementImpl.java:329)
	at org.jkiss.dbeaver.model.impl.jdbc.exec.JDBCStatementImpl.lambda$0(JDBCStatementImpl.java:131)
	at org.jkiss.dbeaver.utils.SecurityManagerUtils.wrapDriverActions(SecurityManagerUtils.java:94)
	at org.jkiss.dbeaver.model.impl.jdbc.exec.JDBCStatementImpl.executeStatement(JDBCStatementImpl.java:131)
	... 12 more
2022-05-20 21:46:21.605 - SQL Error [1064] [42000]: You have an error in your SQL syntax; check the manual that corresponds to your MySQL server version for the right syntax to use near 'primary key' at line 1
org.jkiss.dbeaver.model.sql.DBSQLException: SQL Error [1064] [42000]: You have an error in your SQL syntax; check the manual that corresponds to your MySQL server version for the right syntax to use near 'primary key' at line 1
	at org.jkiss.dbeaver.model.impl.jdbc.exec.JDBCStatementImpl.executeStatement(JDBCStatementImpl.java:133)
	at org.jkiss.dbeaver.ui.editors.sql.execute.SQLQueryJob.executeStatement(SQLQueryJob.java:513)
	at org.jkiss.dbeaver.ui.editors.sql.execute.SQLQueryJob.lambda$0(SQLQueryJob.java:444)
	at org.jkiss.dbeaver.model.exec.DBExecUtils.tryExecuteRecover(DBExecUtils.java:171)
	at org.jkiss.dbeaver.ui.editors.sql.execute.SQLQueryJob.executeSingleQuery(SQLQueryJob.java:431)
	at org.jkiss.dbeaver.ui.editors.sql.execute.SQLQueryJob.extractData(SQLQueryJob.java:816)
	at org.jkiss.dbeaver.ui.editors.sql.SQLEditor$QueryResultsContainer.readData(SQLEditor.java:3504)
	at org.jkiss.dbeaver.ui.controls.resultset.ResultSetJobDataRead.lambda$0(ResultSetJobDataRead.java:118)
	at org.jkiss.dbeaver.model.exec.DBExecUtils.tryExecuteRecover(DBExecUtils.java:171)
	at org.jkiss.dbeaver.ui.controls.resultset.ResultSetJobDataRead.run(ResultSetJobDataRead.java:116)
	at org.jkiss.dbeaver.ui.controls.resultset.ResultSetViewer$ResultSetDataPumpJob.run(ResultSetViewer.java:4855)
	at org.jkiss.dbeaver.model.runtime.AbstractJob.run(AbstractJob.java:105)
	at org.eclipse.core.internal.jobs.Worker.run(Worker.java:63)
Caused by: java.sql.SQLSyntaxErrorException: You have an error in your SQL syntax; check the manual that corresponds to your MySQL server version for the right syntax to use near 'primary key' at line 1
	at com.mysql.cj.jdbc.exceptions.SQLError.createSQLException(SQLError.java:120)
	at com.mysql.cj.jdbc.exceptions.SQLExceptionsMapping.translateException(SQLExceptionsMapping.java:122)
	at com.mysql.cj.jdbc.StatementImpl.executeInternal(StatementImpl.java:763)
	at com.mysql.cj.jdbc.StatementImpl.execute(StatementImpl.java:648)
	at org.jkiss.dbeaver.model.impl.jdbc.exec.JDBCStatementImpl.execute(JDBCStatementImpl.java:329)
	at org.jkiss.dbeaver.model.impl.jdbc.exec.JDBCStatementImpl.lambda$0(JDBCStatementImpl.java:131)
	at org.jkiss.dbeaver.utils.SecurityManagerUtils.wrapDriverActions(SecurityManagerUtils.java:94)
	at org.jkiss.dbeaver.model.impl.jdbc.exec.JDBCStatementImpl.executeStatement(JDBCStatementImpl.java:131)
	... 12 more
2022-05-20 21:46:24.147 - Table 'guest.member' not found in metadata catalog
2022-05-20 21:46:24.148 - Table 'guest.member' not found in metadata catalog
2022-05-20 21:46:24.149 - Table 'guest.member' not found in metadata catalog
2022-05-20 21:46:24.149 - Table 'guest.member' not found in metadata catalog
2022-05-20 21:46:34.980 - SQL Error [1064] [42000]: You have an error in your SQL syntax; check the manual that corresponds to your MySQL server version for the right syntax to use near 'primary key birth' at line 1
org.jkiss.dbeaver.model.sql.DBSQLException: SQL Error [1064] [42000]: You have an error in your SQL syntax; check the manual that corresponds to your MySQL server version for the right syntax to use near 'primary key birth' at line 1
	at org.jkiss.dbeaver.model.impl.jdbc.exec.JDBCStatementImpl.executeStatement(JDBCStatementImpl.java:133)
	at org.jkiss.dbeaver.ui.editors.sql.execute.SQLQueryJob.executeStatement(SQLQueryJob.java:513)
	at org.jkiss.dbeaver.ui.editors.sql.execute.SQLQueryJob.lambda$0(SQLQueryJob.java:444)
	at org.jkiss.dbeaver.model.exec.DBExecUtils.tryExecuteRecover(DBExecUtils.java:171)
	at org.jkiss.dbeaver.ui.editors.sql.execute.SQLQueryJob.executeSingleQuery(SQLQueryJob.java:431)
	at org.jkiss.dbeaver.ui.editors.sql.execute.SQLQueryJob.extractData(SQLQueryJob.java:816)
	at org.jkiss.dbeaver.ui.editors.sql.SQLEditor$QueryResultsContainer.readData(SQLEditor.java:3504)
	at org.jkiss.dbeaver.ui.controls.resultset.ResultSetJobDataRead.lambda$0(ResultSetJobDataRead.java:118)
	at org.jkiss.dbeaver.model.exec.DBExecUtils.tryExecuteRecover(DBExecUtils.java:171)
	at org.jkiss.dbeaver.ui.controls.resultset.ResultSetJobDataRead.run(ResultSetJobDataRead.java:116)
	at org.jkiss.dbeaver.ui.controls.resultset.ResultSetViewer$ResultSetDataPumpJob.run(ResultSetViewer.java:4855)
	at org.jkiss.dbeaver.model.runtime.AbstractJob.run(AbstractJob.java:105)
	at org.eclipse.core.internal.jobs.Worker.run(Worker.java:63)
Caused by: java.sql.SQLSyntaxErrorException: You have an error in your SQL syntax; check the manual that corresponds to your MySQL server version for the right syntax to use near 'primary key birth' at line 1
	at com.mysql.cj.jdbc.exceptions.SQLError.createSQLException(SQLError.java:120)
	at com.mysql.cj.jdbc.exceptions.SQLExceptionsMapping.translateException(SQLExceptionsMapping.java:122)
	at com.mysql.cj.jdbc.StatementImpl.executeInternal(StatementImpl.java:763)
	at com.mysql.cj.jdbc.StatementImpl.execute(StatementImpl.java:648)
	at org.jkiss.dbeaver.model.impl.jdbc.exec.JDBCStatementImpl.execute(JDBCStatementImpl.java:329)
	at org.jkiss.dbeaver.model.impl.jdbc.exec.JDBCStatementImpl.lambda$0(JDBCStatementImpl.java:131)
	at org.jkiss.dbeaver.utils.SecurityManagerUtils.wrapDriverActions(SecurityManagerUtils.java:94)
	at org.jkiss.dbeaver.model.impl.jdbc.exec.JDBCStatementImpl.executeStatement(JDBCStatementImpl.java:131)
	... 12 more
2022-05-20 21:46:50.165 - SQL Error [1063] [42000]: Incorrect column specifier for column 'birth'
org.jkiss.dbeaver.model.sql.DBSQLException: SQL Error [1063] [42000]: Incorrect column specifier for column 'birth'
	at org.jkiss.dbeaver.model.impl.jdbc.exec.JDBCStatementImpl.executeStatement(JDBCStatementImpl.java:133)
	at org.jkiss.dbeaver.ui.editors.sql.execute.SQLQueryJob.executeStatement(SQLQueryJob.java:513)
	at org.jkiss.dbeaver.ui.editors.sql.execute.SQLQueryJob.lambda$0(SQLQueryJob.java:444)
	at org.jkiss.dbeaver.model.exec.DBExecUtils.tryExecuteRecover(DBExecUtils.java:171)
	at org.jkiss.dbeaver.ui.editors.sql.execute.SQLQueryJob.executeSingleQuery(SQLQueryJob.java:431)
	at org.jkiss.dbeaver.ui.editors.sql.execute.SQLQueryJob.extractData(SQLQueryJob.java:816)
	at org.jkiss.dbeaver.ui.editors.sql.SQLEditor$QueryResultsContainer.readData(SQLEditor.java:3504)
	at org.jkiss.dbeaver.ui.controls.resultset.ResultSetJobDataRead.lambda$0(ResultSetJobDataRead.java:118)
	at org.jkiss.dbeaver.model.exec.DBExecUtils.tryExecuteRecover(DBExecUtils.java:171)
	at org.jkiss.dbeaver.ui.controls.resultset.ResultSetJobDataRead.run(ResultSetJobDataRead.java:116)
	at org.jkiss.dbeaver.ui.controls.resultset.ResultSetViewer$ResultSetDataPumpJob.run(ResultSetViewer.java:4855)
	at org.jkiss.dbeaver.model.runtime.AbstractJob.run(AbstractJob.java:105)
	at org.eclipse.core.internal.jobs.Worker.run(Worker.java:63)
Caused by: java.sql.SQLSyntaxErrorException: Incorrect column specifier for column 'birth'
	at com.mysql.cj.jdbc.exceptions.SQLError.createSQLException(SQLError.java:120)
	at com.mysql.cj.jdbc.exceptions.SQLExceptionsMapping.translateException(SQLExceptionsMapping.java:122)
	at com.mysql.cj.jdbc.StatementImpl.executeInternal(StatementImpl.java:763)
	at com.mysql.cj.jdbc.StatementImpl.execute(StatementImpl.java:648)
	at org.jkiss.dbeaver.model.impl.jdbc.exec.JDBCStatementImpl.execute(JDBCStatementImpl.java:329)
	at org.jkiss.dbeaver.model.impl.jdbc.exec.JDBCStatementImpl.lambda$0(JDBCStatementImpl.java:131)
	at org.jkiss.dbeaver.utils.SecurityManagerUtils.wrapDriverActions(SecurityManagerUtils.java:94)
	at org.jkiss.dbeaver.model.impl.jdbc.exec.JDBCStatementImpl.executeStatement(JDBCStatementImpl.java:131)
	... 12 more
2022-05-20 21:46:56.823 - SQL Error [1064] [42000]: You have an error in your SQL syntax; check the manual that corresponds to your MySQL server version for the right syntax to use near 'unsigned auto_increment primary key)' at line 1
org.jkiss.dbeaver.model.sql.DBSQLException: SQL Error [1064] [42000]: You have an error in your SQL syntax; check the manual that corresponds to your MySQL server version for the right syntax to use near 'unsigned auto_increment primary key)' at line 1
	at org.jkiss.dbeaver.model.impl.jdbc.exec.JDBCStatementImpl.executeStatement(JDBCStatementImpl.java:133)
	at org.jkiss.dbeaver.ui.editors.sql.execute.SQLQueryJob.executeStatement(SQLQueryJob.java:513)
	at org.jkiss.dbeaver.ui.editors.sql.execute.SQLQueryJob.lambda$0(SQLQueryJob.java:444)
	at org.jkiss.dbeaver.model.exec.DBExecUtils.tryExecuteRecover(DBExecUtils.java:171)
	at org.jkiss.dbeaver.ui.editors.sql.execute.SQLQueryJob.executeSingleQuery(SQLQueryJob.java:431)
	at org.jkiss.dbeaver.ui.editors.sql.execute.SQLQueryJob.extractData(SQLQueryJob.java:816)
	at org.jkiss.dbeaver.ui.editors.sql.SQLEditor$QueryResultsContainer.readData(SQLEditor.java:3504)
	at org.jkiss.dbeaver.ui.controls.resultset.ResultSetJobDataRead.lambda$0(ResultSetJobDataRead.java:118)
	at org.jkiss.dbeaver.model.exec.DBExecUtils.tryExecuteRecover(DBExecUtils.java:171)
	at org.jkiss.dbeaver.ui.controls.resultset.ResultSetJobDataRead.run(ResultSetJobDataRead.java:116)
	at org.jkiss.dbeaver.ui.controls.resultset.ResultSetViewer$ResultSetDataPumpJob.run(ResultSetViewer.java:4855)
	at org.jkiss.dbeaver.model.runtime.AbstractJob.run(AbstractJob.java:105)
	at org.eclipse.core.internal.jobs.Worker.run(Worker.java:63)
Caused by: java.sql.SQLSyntaxErrorException: You have an error in your SQL syntax; check the manual that corresponds to your MySQL server version for the right syntax to use near 'unsigned auto_increment primary key)' at line 1
	at com.mysql.cj.jdbc.exceptions.SQLError.createSQLException(SQLError.java:120)
	at com.mysql.cj.jdbc.exceptions.SQLExceptionsMapping.translateException(SQLExceptionsMapping.java:122)
	at com.mysql.cj.jdbc.StatementImpl.executeInternal(StatementImpl.java:763)
	at com.mysql.cj.jdbc.StatementImpl.execute(StatementImpl.java:648)
	at org.jkiss.dbeaver.model.impl.jdbc.exec.JDBCStatementImpl.execute(JDBCStatementImpl.java:329)
	at org.jkiss.dbeaver.model.impl.jdbc.exec.JDBCStatementImpl.lambda$0(JDBCStatementImpl.java:131)
	at org.jkiss.dbeaver.utils.SecurityManagerUtils.wrapDriverActions(SecurityManagerUtils.java:94)
	at org.jkiss.dbeaver.model.impl.jdbc.exec.JDBCStatementImpl.executeStatement(JDBCStatementImpl.java:131)
	... 12 more
2022-05-20 21:48:09.706 - Execution context closed (localhost, 12)
2022-05-20 21:48:10.757 - DBeaver is stopping
2022-05-20 21:48:10.759 - Stop RMI server
2022-05-20 21:48:10.763 - RMI controller has been stopped
2022-05-20 21:48:10.765 - DBeaver shutdown completed
